Compiling the CXX compiler identification source file "CMakeCXXCompilerId.cpp" failed.
Compiler: C:/Program Files/Microsoft Visual Studio/2022/Community/VC/Tools/MSVC/14.31.31103/bin/Hostx64/x64/cl.exe 
Build flags: 
Id flags:  

The output was:
2
Microsoft (R) C/C++ Optimizing Compiler Versão 19.31.31105 para x64
Copyright (C) Microsoft Corporation. Todos os direitos reservados.

CMakeCXXCompilerId.cpp
Microsoft (R) Incremental Linker Version 14.31.31105.0
Copyright (C) Microsoft Corporation.  All rights reserved.

/out:CMakeCXXCompilerId.exe 
CMakeCXXCompilerId.obj 
LINK : fatal error LNK1104: não é possível abrir o arquivo 'kernel32.lib'


Detecting CXX compiler ABI info failed to compile with the following output:
Change Dir: D:/GOD Programation/BTI/Semestre 3/Linguagem de Programação 1/AtividadesC++/lista-1-YagoGomesDaSilva/inverter/out/build/x64-debug/CMakeFiles/CMakeTmp

Run Build Command(s):C:/Program Files/Microsoft Visual Studio/2022/Community/Common7/IDE/CommonExtensions/Microsoft/CMake/Ninja/ninja.exe cmTC_a4fcf && [1/2] Building CXX object CMakeFiles\cmTC_a4fcf.dir\CMakeCXXCompilerABI.cpp.obj
[2/2] Linking CXX executable cmTC_a4fcf.exe
FAILED: cmTC_a4fcf.exe 
cmd.exe /C "cd . && "C:\Program Files\Microsoft Visual Studio\2022\Community\Common7\IDE\CommonExtensions\Microsoft\CMake\CMake\bin\cmake.exe" -E vs_link_exe --intdir=CMakeFiles\cmTC_a4fcf.dir --rc=rc --mt=CMAKE_MT-NOTFOUND --manifests  -- C:\PROGRA~1\MICROS~2\2022\COMMUN~1\VC\Tools\MSVC\1431~1.311\bin\Hostx64\x64\link.exe /nologo CMakeFiles\cmTC_a4fcf.dir\CMakeCXXCompilerABI.cpp.obj  /out:cmTC_a4fcf.exe /implib:cmTC_a4fcf.lib /pdb:cmTC_a4fcf.pdb /version:0.0 /machine:x64  /debug /INCREMENTAL /subsystem:console  kernel32.lib user32.lib gdi32.lib winspool.lib shell32.lib ole32.lib oleaut32.lib uuid.lib comdlg32.lib advapi32.lib && cd ."
RC Pass 1: command "rc /fo CMakeFiles\cmTC_a4fcf.dir/manifest.res CMakeFiles\cmTC_a4fcf.dir/manifest.rc" failed (exit code 0) with the following output:
O sistema não pode encontrar o arquivo especificado
ninja: build stopped: subcommand failed.




Determining if the CXX compiler works failed with the following output:
Change Dir: D:/GOD Programation/BTI/Semestre 3/Linguagem de Programação 1/AtividadesC++/lista-1-YagoGomesDaSilva/inverter/out/build/x64-debug/CMakeFiles/CMakeTmp

Run Build Command(s):C:/Program Files/Microsoft Visual Studio/2022/Community/Common7/IDE/CommonExtensions/Microsoft/CMake/Ninja/ninja.exe cmTC_9cfcd && [1/2] Building CXX object CMakeFiles\cmTC_9cfcd.dir\testCXXCompiler.cxx.obj
[2/2] Linking CXX executable cmTC_9cfcd.exe
FAILED: cmTC_9cfcd.exe 
cmd.exe /C "cd . && "C:\Program Files\Microsoft Visual Studio\2022\Community\Common7\IDE\CommonExtensions\Microsoft\CMake\CMake\bin\cmake.exe" -E vs_link_exe --intdir=CMakeFiles\cmTC_9cfcd.dir --rc=rc --mt=CMAKE_MT-NOTFOUND --manifests  -- C:\PROGRA~1\MICROS~2\2022\COMMUN~1\VC\Tools\MSVC\1431~1.311\bin\Hostx64\x64\link.exe /nologo CMakeFiles\cmTC_9cfcd.dir\testCXXCompiler.cxx.obj  /out:cmTC_9cfcd.exe /implib:cmTC_9cfcd.lib /pdb:cmTC_9cfcd.pdb /version:0.0 /machine:x64  /debug /INCREMENTAL /subsystem:console  kernel32.lib user32.lib gdi32.lib winspool.lib shell32.lib ole32.lib oleaut32.lib uuid.lib comdlg32.lib advapi32.lib && cd ."
RC Pass 1: command "rc /fo CMakeFiles\cmTC_9cfcd.dir/manifest.res CMakeFiles\cmTC_9cfcd.dir/manifest.rc" failed (exit code 0) with the following output:
O sistema não pode encontrar o arquivo especificado
ninja: build stopped: subcommand failed.



